<?xml version="1.0" encoding="UTF-8"?>
<testng-results total="1" passed="1" failed="0" skipped="0">
  <reporter-output>
  </reporter-output>
  <suite started-at="2024-01-11T08:01:37Z" name="Default suite" finished-at="2024-01-11T08:01:41Z" duration-ms="3275">
    <groups>
    </groups>
    <test started-at="2024-01-11T08:01:37Z" name="Default test" finished-at="2024-01-11T08:01:41Z" duration-ms="3275">
      <class name="jenkins.FacebookLogin">
        <test-method is-config="true" signature="FacebookLogin()[pri:0, instance:jenkins.FacebookLogin@72035809]" started-at="2024-01-11T13:31:37Z" name="FacebookLogin" finished-at="2024-01-11T13:31:37Z" duration-ms="7" status="PASS">
          <reporter-output>
          </reporter-output>
        </test-method> <!-- FacebookLogin -->
        <test-method signature="loginpage()[pri:0, instance:jenkins.FacebookLogin@72035809]" started-at="2024-01-11T13:31:37Z" name="loginpage" finished-at="2024-01-11T13:31:41Z" duration-ms="3254" status="PASS">
          <reporter-output>
          </reporter-output>
        </test-method> <!-- loginpage -->
        <test-method is-config="true" signature="teardown()[pri:0, instance:jenkins.FacebookLogin@72035809]" started-at="2024-01-11T13:31:41Z" name="teardown" finished-at="2024-01-11T13:31:41Z" duration-ms="1" status="PASS">
          <reporter-output>
          </reporter-output>
        </test-method> <!-- teardown -->
      </class> <!-- jenkins.FacebookLogin -->
    </test> <!-- Default test -->
  </suite> <!-- Default suite -->
</testng-results>
